════════════════════════════════════════════════════════════
   OCA Module Installation (Direct)
════════════════════════════════════════════════════════════
   Database: odoo

Connecting to Odoo...
ERROR: <Fault 1: 'Traceback (most recent call last):\n  File "/usr/lib/python3/dist-packages/odoo/addons/rpc/controllers/xmlrpc.py", line 162, in xmlrpc_2\n    response = self._xmlrpc(service)\n               ^^^^^^^^^^^^^^^^^^^^^\n  File "/usr/lib/python3/dist-packages/odoo/addons/rpc/controllers/xmlrpc.py", line 134, in _xmlrpc\n    result = dispatch_rpc(service, method, params)\n             ^^^^^^^^^^^^^^^^^^^^^^^^^^^^^^^^^^^^^\n  File "/usr/lib/python3/dist-packages/odoo/http.py", line 439, in dispatch_rpc\n    return dispatch(method, params)\n           ^^^^^^^^^^^^^^^^^^^^^^^^\n  File "/usr/lib/python3/dist-packages/odoo/service/common.py", line 60, in dispatch\n    return g[exp_method_name](*params)\n           ^^^^^^^^^^^^^^^^^^^^^^^^^^^\n  File "/usr/lib/python3/dist-packages/odoo/service/common.py", line 31, in exp_authenticate\n    return env[\'res.users\'].authenticate(credential, {**user_agent_env, \'interactive\': False})[\'uid\']\n           ~~~^^^^^^^^^^^^^\n  File "/usr/lib/python3/dist-packages/odoo/orm/environments.py", line 107, in __getitem__\n    return self.registry[model_name](self, (), ())\n           ~~~~~~~~~~~~~^^^^^^^^^^^^\n  File "/usr/lib/python3/dist-packages/odoo/orm/registry.py", line 335, in __getitem__\n    return self.models[model_name]\n           ~~~~~~~~~~~^^^^^^^^^^^^\nKeyError: \'res.users\'\n'>
══════════════════════════════════════════════════════════════════════
   OCA Module Installation
══════════════════════════════════════════════════════════════════════
   Database: odoo_dev
   Total packs: 10

Connecting to Odoo...
✓ Connected as user ID: 2

[foundation] 20 modules:
  ▶ base_exception: installing... ✓
  ? base_rest: uninstallable
  ? base_rest_auth_api_key: uninstallable
  ? base_rest_pydantic: uninstallable
  ○ base_technical_features: already installed
  ▶ base_technical_user: installing... ✓
  ○ base_view_inheritance_extension: already installed
  ✗ component: NOT FOUND
  ✗ component_event: NOT FOUND
  ✗ connector: NOT FOUND
  ? extendable: uninstallable
  ✗ extendable_fastapi: NOT FOUND
  ? fastapi: uninstallable
  ✗ fastapi_auth_api_key: NOT FOUND
  ✗ fastapi_auth_jwt: NOT FOUND
  ? pydantic: uninstallable
  ✗ server_environment: NOT FOUND
  ✗ server_environment_data_encryption: NOT FOUND
  ○ auditlog: already installed
  ○ date_range: already installed

[web_ux] 7 modules:
  ○ web_dialog_size: already installed
  ○ web_environment_ribbon: already installed
  ○ web_favicon: already installed
  ▶ web_ir_actions_act_window_message: installing... ✓
  ▶ web_remember_tree_column_width: installing... ✓
  ○ web_responsive: already installed
  ○ web_search_with_and: already installed

[accounting_core] 8 modules:
  ○ account_financial_report: already installed
  ○ account_journal_restrict_mode: already installed
  ○ account_move_name_sequence: already installed
  ✗ account_move_tier_validation: NOT FOUND
  ○ account_tax_balance: already installed
  ○ account_usability: already installed
  ✗ account_reconcile_oca: NOT FOUND
  ✗ account_reconcile_model_oca: NOT FOUND

[accounting_reconcile] 2 modules:
  ✗ account_reconcile_oca_add_default_filters: NOT FOUND
  ✗ account_partner_reconcile: NOT FOUND

[accounting_statements] 7 modules:
  ○ account_statement_base: already installed
  ✗ account_statement_import_base: NOT FOUND
  ✗ account_statement_import_file: NOT FOUND
  ✗ account_statement_import_file_reconcile_oca: NOT FOUND
  ✗ account_statement_import_camt: NOT FOUND
  ✗ account_statement_import_camt54: NOT FOUND
  ✗ account_statement_import_ofx: NOT FOUND

[purchase_workflow] 7 modules:
  ✗ purchase_advance_payment: NOT FOUND
  ✗ purchase_exception: NOT FOUND
  ✗ purchase_order_approval_block: NOT FOUND
  ✗ purchase_order_line_sequence: NOT FOUND
  ✗ purchase_tier_validation: NOT FOUND
  ▶ purchase_request: installing... ✓
  ✗ purchase_request_tier_validation: NOT FOUND

[hr_modules] 3 modules:
  ✗ hr_employee_firstname: NOT FOUND
  ▶ hr_timesheet_task_stage: installing... ✓
  ▶ hr_timesheet_time_control: installing... ✓

[project_timesheet] 4 modules:
  ○ project_task_default_stage: already installed
  ○ project_task_stage_mgmt: already installed
  ○ project_task_stage_state: already installed
  ○ project_task_pull_request: already installed

[crm_extensions] 6 modules:
  ✗ crm_lead_code: NOT FOUND
  ✗ crm_lead_currency: NOT FOUND
  ✗ crm_lead_firstname: NOT FOUND
  ✗ crm_industry: NOT FOUND
  ✗ crm_phonecall: NOT FOUND
  ✗ crm_stage_probability: NOT FOUND

[reporting] 6 modules:
  ○ report_xlsx: already installed
  ○ report_xlsx_helper: already installed
  ▶ report_xml: installing... ✓
  ? mis_builder: uninstallable
  ? mis_builder_budget: uninstallable
  ○ partner_statement: already installed

══════════════════════════════════════════════════════════════════════
   Installation Summary
══════════════════════════════════════════════════════════════════════
  Already installed: 22
  Newly installed:   8
  Not found:         32
  Failed:            0
  Total modules:     70
══════════════════════════════════════════════════════════════════════

⚠ Completed with 0 failures and 32 missing modules
