- Checking registry.
✔ Checking registry.
- Installing dependencies.
- Installing dependencies.
✔ Installing dependencies.
- Updating files.
✔ Created 52 files:
  - components/ui/alert.tsx
  - components/ui/badge.tsx
  - components/ui/button.tsx
  - components/ui/card.tsx
  - components/ui/dialog.tsx
  - components/ui/drawer.tsx
  - components/ui/label.tsx
  - components/ui/hover-card.tsx
  - components/ui/input.tsx
  - components/ui/popover.tsx
  - components/ui/select.tsx
  - components/ui/skeleton.tsx
  - components/ui/switch.tsx
  - components/ui/table.tsx
  - components/ui/toggle.tsx
  - components/ui/tooltip.tsx
  - components/ui/chart.tsx
  - components/ui/command.tsx
  - components/ui/form.tsx
  - components/ui/toggle-group.tsx
  - app/api/ai/sql/route.ts
  - app/api/supabase-proxy/[...path]/route.ts
  - components/dynamic-form.tsx
  - components/logo-supabase.tsx
  - components/results-table.tsx
  - components/sql-editor.tsx
  - components/supabase-manager/auth.tsx
  - components/supabase-manager/database.tsx
  - components/supabase-manager/index.tsx
  - components/supabase-manager/logs.tsx
  - components/supabase-manager/secrets.tsx
  - components/supabase-manager/storage.tsx
  - components/supabase-manager/suggestions.tsx
  - components/supabase-manager/users.tsx
  - components/users-growth-chart.tsx
  - hooks/use-auth.ts
  - hooks/use-logs.ts
  - hooks/use-run-query.ts
  - hooks/use-secrets.ts
  - hooks/use-storage.ts
  - hooks/use-suggestions.ts
  - hooks/use-tables.ts
  - hooks/use-user-counts.ts
  - lib/logs.ts
  - lib/management-api-schema.d.ts
  - lib/management-api.ts
  - lib/pg-meta/sql.ts
  - lib/pg-meta/index.ts
  - lib/pg-meta/types.ts
  - lib/schemas/auth.ts
  - lib/schemas/secrets.ts
  - contexts/SheetNavigationContext.tsx

