[0;34mâ•â•â•â•â•â•â•â•â•â•â•â•â•â•â•â•â•â•â•â•â•â•â•â•â•â•â•â•â•â•â•â•â•â•â•â•â•â•â•â•â•â•â•â•â•â•â•â•â•â•â•â•â•â•â•â•â•â•â•[0m
[0;34m   OCA Module Installation (Docker)[0m
[0;34mâ•â•â•â•â•â•â•â•â•â•â•â•â•â•â•â•â•â•â•â•â•â•â•â•â•â•â•â•â•â•â•â•â•â•â•â•â•â•â•â•â•â•â•â•â•â•â•â•â•â•â•â•â•â•â•â•â•â•â•[0m

   Container: odoo-core
   Database:  odoo_dev
   Allowlist: /Users/tbwa/Documents/GitHub/Insightpulseai/odoo/config/oca/module_allowlist.yml

[0;32mâœ“ Container 'odoo-core' is running[0m

[0;32mValidating allowlist...[0m
[0;34mâ•â•â•â•â•â•â•â•â•â•â•â•â•â•â•â•â•â•â•â•â•â•â•â•â•â•â•â•â•â•â•â•â•â•â•â•â•â•â•â•â•â•â•â•â•â•â•â•â•â•â•â•â•â•â•â•â•â•â•[0m
[0;34m   OCA Clean Install Validation (Phase 3 Gate)[0m
[0;34mâ•â•â•â•â•â•â•â•â•â•â•â•â•â•â•â•â•â•â•â•â•â•â•â•â•â•â•â•â•â•â•â•â•â•â•â•â•â•â•â•â•â•â•â•â•â•â•â•â•â•â•â•â•â•â•â•â•â•â•[0m

[0;32mValidating allowlist...[0m
[0;32mâœ“[0m No TODO placeholders found
[0;32mâœ“[0m All 70 modules found in inventory

[0;32mAllowlist validation passed (70 modules)[0m

[1;33mDry run mode - skipping actual install test[0m

  File "<stdin>", line 16
    meta:
         ^
SyntaxError: invalid syntax
